2023-03-20 13:54:28,355 [Worker-0: Loading available Gradle versions] INFO  o.e.b.c.i.u.g.PublishedGradleVersions - Gradle version information cache is not available. Remote download required.
2023-07-03 11:03:56,596 [Worker-3: Loading available Gradle versions] INFO  o.e.b.c.i.u.g.PublishedGradleVersions - Gradle version information cache is up-to-date. Trying to read.
2023-07-10 16:10:16,391 [Worker-5: Loading available Gradle versions] INFO  o.e.b.c.i.u.g.PublishedGradleVersions - Gradle version information cache is up-to-date. Trying to read.
2023-08-17 10:52:24,239 [Worker-5: Loading available Gradle versions] INFO  o.e.b.c.i.u.g.PublishedGradleVersions - Gradle version information cache is up-to-date. Trying to read.
2023-08-17 10:53:08,149 [Worker-8: Importing Maven projects] INFO  o.e.m.c.i.l.LifecycleMappingFactory - Using org.eclipse.m2e.jdt.JarLifecycleMapping lifecycle mapping for MavenProject: ProjectPVMS:ClientPVMS:0.0.1-SNAPSHOT @ C:\Users\hanuma.ramavath\OneDrive - TECHWAVE\Desktop\MyProject\ClientPVMS (1)\ClientPVMS\pom.xml.
2023-08-17 10:53:17,817 [Worker-8: Importing Maven projects] INFO  o.e.m.j.i.AbstractJavaProjectConfigurator - Adding source folder /ClientPVMS/src/main/java
2023-08-17 10:53:17,818 [Worker-8: Importing Maven projects] INFO  o.e.m.j.i.AbstractJavaProjectConfigurator - Adding resource folder /ClientPVMS/src/main/resources
2023-08-17 10:53:17,870 [Worker-8: Importing Maven projects] INFO  o.e.m.j.i.AbstractJavaProjectConfigurator - Adding resource folder /ClientPVMS/src/main/resources
2023-08-17 10:53:17,927 [Worker-8: Importing Maven projects] INFO  o.e.m.j.i.AbstractJavaProjectConfigurator - Adding source folder /ClientPVMS/src/test/java
2023-08-17 10:53:19,347 [Worker-8: Importing Maven projects] INFO  o.e.m.c.i.p.ProjectConfigurationManager - Imported and configured 1 project(s) in 22 sec
2023-08-17 10:53:22,512 [Worker-14: Importing Maven projects] INFO  o.e.m.c.i.l.LifecycleMappingFactory - Using org.eclipse.m2e.jdt.JarLifecycleMapping lifecycle mapping for MavenProject: Project:ProjectPVMS:0.0.1-SNAPSHOT @ C:\Users\hanuma.ramavath\OneDrive - TECHWAVE\Desktop\MyProject\ProjectPVMS (4)\ProjectPVMS\pom.xml.
2023-08-17 10:53:27,606 [Worker-14: Importing Maven projects] INFO  o.e.m.j.i.AbstractJavaProjectConfigurator - Adding source folder /ProjectPVMS/src/main/java
2023-08-17 10:53:27,607 [Worker-14: Importing Maven projects] INFO  o.e.m.j.i.AbstractJavaProjectConfigurator - Adding resource folder /ProjectPVMS/src/main/resources
2023-08-17 10:53:27,620 [Worker-14: Importing Maven projects] INFO  o.e.m.j.i.AbstractJavaProjectConfigurator - Adding resource folder /ProjectPVMS/src/main/resources
2023-08-17 10:53:27,634 [Worker-14: Importing Maven projects] INFO  o.e.m.j.i.AbstractJavaProjectConfigurator - Adding source folder /ProjectPVMS/src/test/java
2023-08-17 10:53:28,548 [Worker-14: Importing Maven projects] INFO  o.e.m.c.i.p.ProjectConfigurationManager - Imported and configured 1 project(s) in 7 sec
2023-08-17 10:53:32,084 [Worker-1: Building] INFO  o.a.m.s.f.DefaultMavenResourcesFiltering - Copying 1 resource from src\main\resources to target\classes
2023-08-17 10:53:32,194 [Worker-1: Building] INFO  o.a.m.s.f.DefaultMavenResourcesFiltering - Copying 0 resource from src\main\resources to target\classes
2023-08-17 10:53:32,200 [Worker-1: Building] INFO  o.a.m.s.f.DefaultMavenResourcesFiltering - skip non existing resourceDirectory C:\Users\hanuma.ramavath\OneDrive - TECHWAVE\Desktop\MyProject\ClientPVMS (1)\ClientPVMS\src\test\resources
2023-08-17 10:53:35,026 [Worker-16: Building] INFO  o.a.m.s.f.DefaultMavenResourcesFiltering - Copying 1 resource from src\main\resources to target\classes
2023-08-17 10:53:35,052 [Worker-16: Building] INFO  o.a.m.s.f.DefaultMavenResourcesFiltering - Copying 0 resource from src\main\resources to target\classes
2023-08-17 10:53:35,058 [Worker-16: Building] INFO  o.a.m.s.f.DefaultMavenResourcesFiltering - skip non existing resourceDirectory C:\Users\hanuma.ramavath\OneDrive - TECHWAVE\Desktop\MyProject\ProjectPVMS (4)\ProjectPVMS\src\test\resources
2023-08-17 10:57:35,089 [Worker-8: Building] INFO  o.a.m.s.f.DefaultMavenResourcesFiltering - Copying 1 resource from src\main\resources to target\classes
2023-08-17 10:57:35,102 [Worker-8: Building] INFO  o.a.m.s.f.DefaultMavenResourcesFiltering - Copying 0 resource from src\main\resources to target\classes
2023-08-17 10:57:35,107 [Worker-8: Building] INFO  o.a.m.s.f.DefaultMavenResourcesFiltering - skip non existing resourceDirectory C:\Users\hanuma.ramavath\OneDrive - TECHWAVE\Desktop\MyProject\ClientPVMS (1)\ClientPVMS\src\test\resources
2023-08-17 10:58:10,921 [Worker-2: Building] INFO  o.a.m.s.f.DefaultMavenResourcesFiltering - Copying 1 resource from src\main\resources to target\classes
2023-08-17 10:58:10,935 [Worker-2: Building] INFO  o.a.m.s.f.DefaultMavenResourcesFiltering - Copying 0 resource from src\main\resources to target\classes
2023-08-17 10:58:10,940 [Worker-2: Building] INFO  o.a.m.s.f.DefaultMavenResourcesFiltering - skip non existing resourceDirectory C:\Users\hanuma.ramavath\OneDrive - TECHWAVE\Desktop\MyProject\ClientPVMS (1)\ClientPVMS\src\test\resources
2023-08-17 11:20:35,345 [Worker-19: Building] INFO  o.a.m.s.f.DefaultMavenResourcesFiltering - Copying 1 resource from src\main\resources to target\classes
2023-08-17 11:20:35,355 [Worker-19: Building] INFO  o.a.m.s.f.DefaultMavenResourcesFiltering - Copying 0 resource from src\main\resources to target\classes
2023-08-17 11:20:35,384 [Worker-19: Building] INFO  o.a.m.s.f.DefaultMavenResourcesFiltering - skip non existing resourceDirectory C:\Users\hanuma.ramavath\OneDrive - TECHWAVE\Desktop\MyProject\ClientPVMS (1)\ClientPVMS\src\test\resources
2023-08-17 11:23:21,565 [Worker-24: Building] INFO  o.a.m.s.f.DefaultMavenResourcesFiltering - Copying 1 resource from src\main\resources to target\classes
2023-08-17 11:23:21,575 [Worker-24: Building] INFO  o.a.m.s.f.DefaultMavenResourcesFiltering - Copying 0 resource from src\main\resources to target\classes
2023-08-17 11:23:21,579 [Worker-24: Building] INFO  o.a.m.s.f.DefaultMavenResourcesFiltering - skip non existing resourceDirectory C:\Users\hanuma.ramavath\OneDrive - TECHWAVE\Desktop\MyProject\ClientPVMS (1)\ClientPVMS\src\test\resources
2023-08-17 11:29:51,227 [Worker-20: Building] INFO  o.a.m.s.f.DefaultMavenResourcesFiltering - Copying 1 resource from src\main\resources to target\classes
2023-08-17 11:29:51,238 [Worker-20: Building] INFO  o.a.m.s.f.DefaultMavenResourcesFiltering - Copying 0 resource from src\main\resources to target\classes
2023-08-17 11:29:51,242 [Worker-20: Building] INFO  o.a.m.s.f.DefaultMavenResourcesFiltering - skip non existing resourceDirectory C:\Users\hanuma.ramavath\OneDrive - TECHWAVE\Desktop\MyProject\ClientPVMS (1)\ClientPVMS\src\test\resources
2023-08-17 11:29:57,614 [Worker-26: Building] INFO  o.a.m.s.f.DefaultMavenResourcesFiltering - Copying 1 resource from src\main\resources to target\classes
2023-08-17 11:29:57,644 [Worker-26: Building] INFO  o.a.m.s.f.DefaultMavenResourcesFiltering - Copying 0 resource from src\main\resources to target\classes
2023-08-17 11:29:57,648 [Worker-26: Building] INFO  o.a.m.s.f.DefaultMavenResourcesFiltering - skip non existing resourceDirectory C:\Users\hanuma.ramavath\OneDrive - TECHWAVE\Desktop\MyProject\ProjectPVMS (4)\ProjectPVMS\src\test\resources
2023-08-17 11:30:02,909 [Worker-19: Building] INFO  o.a.m.s.f.DefaultMavenResourcesFiltering - Copying 1 resource from src\main\resources to target\classes
2023-08-17 11:30:02,957 [Worker-19: Building] INFO  o.a.m.s.f.DefaultMavenResourcesFiltering - Copying 0 resource from src\main\resources to target\classes
2023-08-17 11:30:02,961 [Worker-19: Building] INFO  o.a.m.s.f.DefaultMavenResourcesFiltering - skip non existing resourceDirectory C:\Users\hanuma.ramavath\OneDrive - TECHWAVE\Desktop\MyProject\ProjectPVMS (4)\ProjectPVMS\src\test\resources
2023-08-17 11:36:15,597 [Worker-28: Building] INFO  o.a.m.s.f.DefaultMavenResourcesFiltering - Copying 0 resource from src\main\resources to target\classes
2023-08-17 11:36:15,598 [Worker-28: Building] INFO  o.a.m.s.f.DefaultMavenResourcesFiltering - Copying 0 resource from src\main\resources to target\classes
2023-08-17 11:36:15,601 [Worker-28: Building] INFO  o.a.m.s.f.DefaultMavenResourcesFiltering - skip non existing resourceDirectory C:\Users\hanuma.ramavath\OneDrive - TECHWAVE\Desktop\MyProject\ClientPVMS (1)\ClientPVMS\src\test\resources
2023-08-17 11:41:08,812 [Worker-20: Building] INFO  o.a.m.s.f.DefaultMavenResourcesFiltering - Copying 1 resource from src\main\resources to target\classes
2023-08-17 11:41:08,822 [Worker-20: Building] INFO  o.a.m.s.f.DefaultMavenResourcesFiltering - Copying 0 resource from src\main\resources to target\classes
2023-08-17 11:41:08,826 [Worker-20: Building] INFO  o.a.m.s.f.DefaultMavenResourcesFiltering - skip non existing resourceDirectory C:\Users\hanuma.ramavath\OneDrive - TECHWAVE\Desktop\MyProject\ClientPVMS (1)\ClientPVMS\src\test\resources
2023-08-17 11:43:00,875 [Worker-28: Building] INFO  o.a.m.s.f.DefaultMavenResourcesFiltering - Copying 0 resource from src\main\resources to target\classes
2023-08-17 11:43:00,876 [Worker-28: Building] INFO  o.a.m.s.f.DefaultMavenResourcesFiltering - Copying 0 resource from src\main\resources to target\classes
2023-08-17 11:43:00,879 [Worker-28: Building] INFO  o.a.m.s.f.DefaultMavenResourcesFiltering - skip non existing resourceDirectory C:\Users\hanuma.ramavath\OneDrive - TECHWAVE\Desktop\MyProject\ClientPVMS (1)\ClientPVMS\src\test\resources
2023-08-17 11:44:31,111 [Worker-20: Building] INFO  o.a.m.s.f.DefaultMavenResourcesFiltering - Copying 1 resource from src\main\resources to target\classes
2023-08-17 11:44:31,121 [Worker-20: Building] INFO  o.a.m.s.f.DefaultMavenResourcesFiltering - Copying 0 resource from src\main\resources to target\classes
2023-08-17 11:44:31,126 [Worker-20: Building] INFO  o.a.m.s.f.DefaultMavenResourcesFiltering - skip non existing resourceDirectory C:\Users\hanuma.ramavath\OneDrive - TECHWAVE\Desktop\MyProject\ClientPVMS (1)\ClientPVMS\src\test\resources
2023-08-17 11:46:50,290 [Worker-30: Building] INFO  o.a.m.s.f.DefaultMavenResourcesFiltering - Copying 1 resource from src\main\resources to target\classes
2023-08-17 11:46:50,324 [Worker-30: Building] INFO  o.a.m.s.f.DefaultMavenResourcesFiltering - Copying 0 resource from src\main\resources to target\classes
2023-08-17 11:46:50,329 [Worker-30: Building] INFO  o.a.m.s.f.DefaultMavenResourcesFiltering - skip non existing resourceDirectory C:\Users\hanuma.ramavath\OneDrive - TECHWAVE\Desktop\MyProject\ClientPVMS (1)\ClientPVMS\src\test\resources
2023-08-17 12:05:03,681 [Worker-35: Building] INFO  o.a.m.s.f.DefaultMavenResourcesFiltering - Copying 1 resource from src\main\resources to target\classes
2023-08-17 12:05:03,697 [Worker-35: Building] INFO  o.a.m.s.f.DefaultMavenResourcesFiltering - Copying 0 resource from src\main\resources to target\classes
2023-08-17 12:05:03,701 [Worker-35: Building] INFO  o.a.m.s.f.DefaultMavenResourcesFiltering - skip non existing resourceDirectory C:\Users\hanuma.ramavath\OneDrive - TECHWAVE\Desktop\MyProject\ProjectPVMS (4)\ProjectPVMS\src\test\resources
2023-08-17 12:05:10,955 [Worker-36: Building] INFO  o.a.m.s.f.DefaultMavenResourcesFiltering - Copying 1 resource from src\main\resources to target\classes
2023-08-17 12:05:10,965 [Worker-36: Building] INFO  o.a.m.s.f.DefaultMavenResourcesFiltering - Copying 0 resource from src\main\resources to target\classes
2023-08-17 12:05:10,969 [Worker-36: Building] INFO  o.a.m.s.f.DefaultMavenResourcesFiltering - skip non existing resourceDirectory C:\Users\hanuma.ramavath\OneDrive - TECHWAVE\Desktop\MyProject\ClientPVMS (1)\ClientPVMS\src\test\resources
2023-08-17 12:09:07,821 [Worker-37: Building] INFO  o.a.m.s.f.DefaultMavenResourcesFiltering - Copying 1 resource from src\main\resources to target\classes
2023-08-17 12:09:07,830 [Worker-37: Building] INFO  o.a.m.s.f.DefaultMavenResourcesFiltering - Copying 0 resource from src\main\resources to target\classes
2023-08-17 12:09:07,834 [Worker-37: Building] INFO  o.a.m.s.f.DefaultMavenResourcesFiltering - skip non existing resourceDirectory C:\Users\hanuma.ramavath\OneDrive - TECHWAVE\Desktop\MyProject\ClientPVMS (1)\ClientPVMS\src\test\resources
2023-08-17 12:09:50,744 [Worker-37: Building] INFO  o.a.m.s.f.DefaultMavenResourcesFiltering - Copying 1 resource from src\main\resources to target\classes
2023-08-17 12:09:50,754 [Worker-37: Building] INFO  o.a.m.s.f.DefaultMavenResourcesFiltering - Copying 0 resource from src\main\resources to target\classes
2023-08-17 12:09:50,758 [Worker-37: Building] INFO  o.a.m.s.f.DefaultMavenResourcesFiltering - skip non existing resourceDirectory C:\Users\hanuma.ramavath\OneDrive - TECHWAVE\Desktop\MyProject\ClientPVMS (1)\ClientPVMS\src\test\resources
2023-08-17 12:09:59,546 [Worker-35: Building] INFO  o.a.m.s.f.DefaultMavenResourcesFiltering - Copying 1 resource from src\main\resources to target\classes
2023-08-17 12:09:59,558 [Worker-35: Building] INFO  o.a.m.s.f.DefaultMavenResourcesFiltering - Copying 0 resource from src\main\resources to target\classes
2023-08-17 12:09:59,561 [Worker-35: Building] INFO  o.a.m.s.f.DefaultMavenResourcesFiltering - skip non existing resourceDirectory C:\Users\hanuma.ramavath\OneDrive - TECHWAVE\Desktop\MyProject\ClientPVMS (1)\ClientPVMS\src\test\resources
2023-08-17 12:09:59,869 [Worker-20: Building] INFO  o.a.m.s.f.DefaultMavenResourcesFiltering - Copying 1 resource from src\main\resources to target\classes
2023-08-17 12:09:59,877 [Worker-20: Building] INFO  o.a.m.s.f.DefaultMavenResourcesFiltering - Copying 0 resource from src\main\resources to target\classes
2023-08-17 12:09:59,882 [Worker-20: Building] INFO  o.a.m.s.f.DefaultMavenResourcesFiltering - skip non existing resourceDirectory C:\Users\hanuma.ramavath\OneDrive - TECHWAVE\Desktop\MyProject\ClientPVMS (1)\ClientPVMS\src\test\resources
2023-08-17 12:10:04,790 [Worker-37: Building] INFO  o.a.m.s.f.DefaultMavenResourcesFiltering - Copying 1 resource from src\main\resources to target\classes
2023-08-17 12:10:04,798 [Worker-37: Building] INFO  o.a.m.s.f.DefaultMavenResourcesFiltering - Copying 0 resource from src\main\resources to target\classes
2023-08-17 12:10:04,802 [Worker-37: Building] INFO  o.a.m.s.f.DefaultMavenResourcesFiltering - skip non existing resourceDirectory C:\Users\hanuma.ramavath\OneDrive - TECHWAVE\Desktop\MyProject\ClientPVMS (1)\ClientPVMS\src\test\resources
2023-08-17 12:10:26,892 [Worker-35: Building] INFO  o.a.m.s.f.DefaultMavenResourcesFiltering - Copying 1 resource from src\main\resources to target\classes
2023-08-17 12:10:26,902 [Worker-35: Building] INFO  o.a.m.s.f.DefaultMavenResourcesFiltering - Copying 0 resource from src\main\resources to target\classes
2023-08-17 12:10:26,906 [Worker-35: Building] INFO  o.a.m.s.f.DefaultMavenResourcesFiltering - skip non existing resourceDirectory C:\Users\hanuma.ramavath\OneDrive - TECHWAVE\Desktop\MyProject\ClientPVMS (1)\ClientPVMS\src\test\resources
2023-08-17 12:10:52,817 [Worker-36: Building] INFO  o.a.m.s.f.DefaultMavenResourcesFiltering - Copying 1 resource from src\main\resources to target\classes
2023-08-17 12:10:52,826 [Worker-36: Building] INFO  o.a.m.s.f.DefaultMavenResourcesFiltering - Copying 0 resource from src\main\resources to target\classes
2023-08-17 12:10:52,830 [Worker-36: Building] INFO  o.a.m.s.f.DefaultMavenResourcesFiltering - skip non existing resourceDirectory C:\Users\hanuma.ramavath\OneDrive - TECHWAVE\Desktop\MyProject\ClientPVMS (1)\ClientPVMS\src\test\resources
2023-08-17 12:12:20,569 [Worker-40: Building] INFO  o.a.m.s.f.DefaultMavenResourcesFiltering - Copying 0 resource from src\main\resources to target\classes
2023-08-17 12:12:20,569 [Worker-40: Building] INFO  o.a.m.s.f.DefaultMavenResourcesFiltering - Copying 0 resource from src\main\resources to target\classes
2023-08-17 12:12:20,572 [Worker-40: Building] INFO  o.a.m.s.f.DefaultMavenResourcesFiltering - skip non existing resourceDirectory C:\Users\hanuma.ramavath\OneDrive - TECHWAVE\Desktop\MyProject\ClientPVMS (1)\ClientPVMS\src\test\resources
2023-08-17 12:12:28,690 [Worker-39: Building] INFO  o.a.m.s.f.DefaultMavenResourcesFiltering - Copying 0 resource from src\main\resources to target\classes
2023-08-17 12:12:28,691 [Worker-39: Building] INFO  o.a.m.s.f.DefaultMavenResourcesFiltering - Copying 0 resource from src\main\resources to target\classes
2023-08-17 12:12:28,693 [Worker-39: Building] INFO  o.a.m.s.f.DefaultMavenResourcesFiltering - skip non existing resourceDirectory C:\Users\hanuma.ramavath\OneDrive - TECHWAVE\Desktop\MyProject\ClientPVMS (1)\ClientPVMS\src\test\resources
2023-08-17 12:12:37,746 [Worker-39: Building] INFO  o.a.m.s.f.DefaultMavenResourcesFiltering - Copying 0 resource from src\main\resources to target\classes
2023-08-17 12:12:37,747 [Worker-39: Building] INFO  o.a.m.s.f.DefaultMavenResourcesFiltering - Copying 0 resource from src\main\resources to target\classes
2023-08-17 12:12:37,750 [Worker-39: Building] INFO  o.a.m.s.f.DefaultMavenResourcesFiltering - skip non existing resourceDirectory C:\Users\hanuma.ramavath\OneDrive - TECHWAVE\Desktop\MyProject\ClientPVMS (1)\ClientPVMS\src\test\resources
2023-08-17 12:12:48,032 [Worker-40: Building] INFO  o.a.m.s.f.DefaultMavenResourcesFiltering - Copying 0 resource from src\main\resources to target\classes
2023-08-17 12:12:48,033 [Worker-40: Building] INFO  o.a.m.s.f.DefaultMavenResourcesFiltering - Copying 0 resource from src\main\resources to target\classes
2023-08-17 12:12:48,037 [Worker-40: Building] INFO  o.a.m.s.f.DefaultMavenResourcesFiltering - skip non existing resourceDirectory C:\Users\hanuma.ramavath\OneDrive - TECHWAVE\Desktop\MyProject\ClientPVMS (1)\ClientPVMS\src\test\resources
2023-08-17 12:13:28,653 [Worker-41: Building] INFO  o.a.m.s.f.DefaultMavenResourcesFiltering - Copying 0 resource from src\main\resources to target\classes
2023-08-17 12:13:28,654 [Worker-41: Building] INFO  o.a.m.s.f.DefaultMavenResourcesFiltering - Copying 0 resource from src\main\resources to target\classes
2023-08-17 12:13:28,657 [Worker-41: Building] INFO  o.a.m.s.f.DefaultMavenResourcesFiltering - skip non existing resourceDirectory C:\Users\hanuma.ramavath\OneDrive - TECHWAVE\Desktop\MyProject\ClientPVMS (1)\ClientPVMS\src\test\resources
2023-08-17 12:13:45,167 [Worker-40: Building] INFO  o.a.m.s.f.DefaultMavenResourcesFiltering - Copying 0 resource from src\main\resources to target\classes
2023-08-17 12:13:45,167 [Worker-40: Building] INFO  o.a.m.s.f.DefaultMavenResourcesFiltering - Copying 0 resource from src\main\resources to target\classes
2023-08-17 12:13:45,170 [Worker-40: Building] INFO  o.a.m.s.f.DefaultMavenResourcesFiltering - skip non existing resourceDirectory C:\Users\hanuma.ramavath\OneDrive - TECHWAVE\Desktop\MyProject\ClientPVMS (1)\ClientPVMS\src\test\resources
2023-08-17 12:14:31,924 [Worker-38: Building] INFO  o.a.m.s.f.DefaultMavenResourcesFiltering - Copying 1 resource from src\main\resources to target\classes
2023-08-17 12:14:31,938 [Worker-38: Building] INFO  o.a.m.s.f.DefaultMavenResourcesFiltering - Copying 0 resource from src\main\resources to target\classes
2023-08-17 12:14:31,942 [Worker-38: Building] INFO  o.a.m.s.f.DefaultMavenResourcesFiltering - skip non existing resourceDirectory C:\Users\hanuma.ramavath\OneDrive - TECHWAVE\Desktop\MyProject\ClientPVMS (1)\ClientPVMS\src\test\resources
2023-08-17 12:14:35,089 [Worker-38: Building] INFO  o.a.m.s.f.DefaultMavenResourcesFiltering - Copying 1 resource from src\main\resources to target\classes
2023-08-17 12:14:35,099 [Worker-38: Building] INFO  o.a.m.s.f.DefaultMavenResourcesFiltering - Copying 0 resource from src\main\resources to target\classes
2023-08-17 12:14:35,104 [Worker-38: Building] INFO  o.a.m.s.f.DefaultMavenResourcesFiltering - skip non existing resourceDirectory C:\Users\hanuma.ramavath\OneDrive - TECHWAVE\Desktop\MyProject\ClientPVMS (1)\ClientPVMS\src\test\resources
2023-08-17 12:14:40,030 [Worker-38: Building] INFO  o.a.m.s.f.DefaultMavenResourcesFiltering - Copying 0 resource from src\main\resources to target\classes
2023-08-17 12:14:40,031 [Worker-38: Building] INFO  o.a.m.s.f.DefaultMavenResourcesFiltering - Copying 0 resource from src\main\resources to target\classes
2023-08-17 12:14:40,034 [Worker-38: Building] INFO  o.a.m.s.f.DefaultMavenResourcesFiltering - skip non existing resourceDirectory C:\Users\hanuma.ramavath\OneDrive - TECHWAVE\Desktop\MyProject\ClientPVMS (1)\ClientPVMS\src\test\resources
2023-08-17 12:16:12,364 [Worker-42: Building] INFO  o.a.m.s.f.DefaultMavenResourcesFiltering - Copying 1 resource from src\main\resources to target\classes
2023-08-17 12:16:12,375 [Worker-42: Building] INFO  o.a.m.s.f.DefaultMavenResourcesFiltering - Copying 0 resource from src\main\resources to target\classes
2023-08-17 12:16:12,379 [Worker-42: Building] INFO  o.a.m.s.f.DefaultMavenResourcesFiltering - skip non existing resourceDirectory C:\Users\hanuma.ramavath\OneDrive - TECHWAVE\Desktop\MyProject\ClientPVMS (1)\ClientPVMS\src\test\resources
2023-08-17 12:16:15,278 [Worker-41: Building] INFO  o.a.m.s.f.DefaultMavenResourcesFiltering - Copying 1 resource from src\main\resources to target\classes
2023-08-17 12:16:15,286 [Worker-41: Building] INFO  o.a.m.s.f.DefaultMavenResourcesFiltering - Copying 0 resource from src\main\resources to target\classes
2023-08-17 12:16:15,290 [Worker-41: Building] INFO  o.a.m.s.f.DefaultMavenResourcesFiltering - skip non existing resourceDirectory C:\Users\hanuma.ramavath\OneDrive - TECHWAVE\Desktop\MyProject\ClientPVMS (1)\ClientPVMS\src\test\resources
2023-08-17 12:24:01,834 [Worker-50: Building] INFO  o.a.m.s.f.DefaultMavenResourcesFiltering - Copying 1 resource from src\main\resources to target\classes
2023-08-17 12:24:01,845 [Worker-50: Building] INFO  o.a.m.s.f.DefaultMavenResourcesFiltering - Copying 0 resource from src\main\resources to target\classes
2023-08-17 12:24:01,848 [Worker-50: Building] INFO  o.a.m.s.f.DefaultMavenResourcesFiltering - skip non existing resourceDirectory C:\Users\hanuma.ramavath\OneDrive - TECHWAVE\Desktop\MyProject\ClientPVMS (1)\ClientPVMS\src\test\resources
2023-08-17 12:24:16,909 [Worker-41: Building] INFO  o.a.m.s.f.DefaultMavenResourcesFiltering - Copying 1 resource from src\main\resources to target\classes
2023-08-17 12:24:16,919 [Worker-41: Building] INFO  o.a.m.s.f.DefaultMavenResourcesFiltering - Copying 0 resource from src\main\resources to target\classes
2023-08-17 12:24:16,923 [Worker-41: Building] INFO  o.a.m.s.f.DefaultMavenResourcesFiltering - skip non existing resourceDirectory C:\Users\hanuma.ramavath\OneDrive - TECHWAVE\Desktop\MyProject\ClientPVMS (1)\ClientPVMS\src\test\resources
2023-08-17 12:26:17,438 [Worker-49: Building] INFO  o.a.m.s.f.DefaultMavenResourcesFiltering - Copying 0 resource from src\main\resources to target\classes
2023-08-17 12:26:17,438 [Worker-49: Building] INFO  o.a.m.s.f.DefaultMavenResourcesFiltering - Copying 0 resource from src\main\resources to target\classes
2023-08-17 12:26:17,441 [Worker-49: Building] INFO  o.a.m.s.f.DefaultMavenResourcesFiltering - skip non existing resourceDirectory C:\Users\hanuma.ramavath\OneDrive - TECHWAVE\Desktop\MyProject\ClientPVMS (1)\ClientPVMS\src\test\resources
2023-08-17 12:26:19,963 [Worker-49: Building] INFO  o.a.m.s.f.DefaultMavenResourcesFiltering - Copying 0 resource from src\main\resources to target\classes
2023-08-17 12:26:19,963 [Worker-49: Building] INFO  o.a.m.s.f.DefaultMavenResourcesFiltering - Copying 0 resource from src\main\resources to target\classes
2023-08-17 12:26:19,966 [Worker-49: Building] INFO  o.a.m.s.f.DefaultMavenResourcesFiltering - skip non existing resourceDirectory C:\Users\hanuma.ramavath\OneDrive - TECHWAVE\Desktop\MyProject\ClientPVMS (1)\ClientPVMS\src\test\resources
2023-08-17 12:26:50,766 [Worker-49: Building] INFO  o.a.m.s.f.DefaultMavenResourcesFiltering - Copying 0 resource from src\main\resources to target\classes
2023-08-17 12:26:50,767 [Worker-49: Building] INFO  o.a.m.s.f.DefaultMavenResourcesFiltering - Copying 0 resource from src\main\resources to target\classes
2023-08-17 12:26:50,770 [Worker-49: Building] INFO  o.a.m.s.f.DefaultMavenResourcesFiltering - skip non existing resourceDirectory C:\Users\hanuma.ramavath\OneDrive - TECHWAVE\Desktop\MyProject\ClientPVMS (1)\ClientPVMS\src\test\resources
2023-08-17 12:28:49,333 [Worker-51: Building] INFO  o.a.m.s.f.DefaultMavenResourcesFiltering - Copying 1 resource from src\main\resources to target\classes
2023-08-17 12:28:49,344 [Worker-51: Building] INFO  o.a.m.s.f.DefaultMavenResourcesFiltering - Copying 0 resource from src\main\resources to target\classes
2023-08-17 12:28:49,348 [Worker-51: Building] INFO  o.a.m.s.f.DefaultMavenResourcesFiltering - skip non existing resourceDirectory C:\Users\hanuma.ramavath\OneDrive - TECHWAVE\Desktop\MyProject\ClientPVMS (1)\ClientPVMS\src\test\resources
2023-08-17 12:31:57,650 [Worker-49: Building] INFO  o.a.m.s.f.DefaultMavenResourcesFiltering - Copying 1 resource from src\main\resources to target\classes
2023-08-17 12:31:57,666 [Worker-49: Building] INFO  o.a.m.s.f.DefaultMavenResourcesFiltering - Copying 0 resource from src\main\resources to target\classes
2023-08-17 12:31:57,669 [Worker-49: Building] INFO  o.a.m.s.f.DefaultMavenResourcesFiltering - skip non existing resourceDirectory C:\Users\hanuma.ramavath\OneDrive - TECHWAVE\Desktop\MyProject\ClientPVMS (1)\ClientPVMS\src\test\resources
2023-08-17 12:32:20,110 [Worker-52: Building] INFO  o.a.m.s.f.DefaultMavenResourcesFiltering - Copying 1 resource from src\main\resources to target\classes
2023-08-17 12:32:20,126 [Worker-52: Building] INFO  o.a.m.s.f.DefaultMavenResourcesFiltering - Copying 0 resource from src\main\resources to target\classes
2023-08-17 12:32:20,144 [Worker-52: Building] INFO  o.a.m.s.f.DefaultMavenResourcesFiltering - skip non existing resourceDirectory C:\Users\hanuma.ramavath\OneDrive - TECHWAVE\Desktop\MyProject\ClientPVMS (1)\ClientPVMS\src\test\resources
2023-08-17 12:39:11,773 [Worker-54: Building] INFO  o.a.m.s.f.DefaultMavenResourcesFiltering - Copying 1 resource from src\main\resources to target\classes
2023-08-17 12:39:11,786 [Worker-54: Building] INFO  o.a.m.s.f.DefaultMavenResourcesFiltering - Copying 0 resource from src\main\resources to target\classes
2023-08-17 12:39:11,790 [Worker-54: Building] INFO  o.a.m.s.f.DefaultMavenResourcesFiltering - skip non existing resourceDirectory C:\Users\hanuma.ramavath\OneDrive - TECHWAVE\Desktop\MyProject\ClientPVMS (1)\ClientPVMS\src\test\resources
2023-08-17 12:42:08,359 [Worker-58: Building] INFO  o.a.m.s.f.DefaultMavenResourcesFiltering - Copying 1 resource from src\main\resources to target\classes
2023-08-17 12:42:08,369 [Worker-58: Building] INFO  o.a.m.s.f.DefaultMavenResourcesFiltering - Copying 0 resource from src\main\resources to target\classes
2023-08-17 12:42:08,372 [Worker-58: Building] INFO  o.a.m.s.f.DefaultMavenResourcesFiltering - skip non existing resourceDirectory C:\Users\hanuma.ramavath\OneDrive - TECHWAVE\Desktop\MyProject\ClientPVMS (1)\ClientPVMS\src\test\resources
2023-08-17 12:44:27,328 [Worker-59: Building] INFO  o.a.m.s.f.DefaultMavenResourcesFiltering - Copying 1 resource from src\main\resources to target\classes
2023-08-17 12:44:27,341 [Worker-59: Building] INFO  o.a.m.s.f.DefaultMavenResourcesFiltering - Copying 0 resource from src\main\resources to target\classes
2023-08-17 12:44:27,345 [Worker-59: Building] INFO  o.a.m.s.f.DefaultMavenResourcesFiltering - skip non existing resourceDirectory C:\Users\hanuma.ramavath\OneDrive - TECHWAVE\Desktop\MyProject\ClientPVMS (1)\ClientPVMS\src\test\resources
2023-08-17 12:44:49,990 [Worker-57: Building] INFO  o.a.m.s.f.DefaultMavenResourcesFiltering - Copying 1 resource from src\main\resources to target\classes
2023-08-17 12:44:49,999 [Worker-57: Building] INFO  o.a.m.s.f.DefaultMavenResourcesFiltering - Copying 0 resource from src\main\resources to target\classes
2023-08-17 12:44:50,003 [Worker-57: Building] INFO  o.a.m.s.f.DefaultMavenResourcesFiltering - skip non existing resourceDirectory C:\Users\hanuma.ramavath\OneDrive - TECHWAVE\Desktop\MyProject\ClientPVMS (1)\ClientPVMS\src\test\resources
2023-08-17 12:45:59,604 [Worker-58: Building] INFO  o.a.m.s.f.DefaultMavenResourcesFiltering - Copying 1 resource from src\main\resources to target\classes
2023-08-17 12:45:59,612 [Worker-58: Building] INFO  o.a.m.s.f.DefaultMavenResourcesFiltering - Copying 0 resource from src\main\resources to target\classes
2023-08-17 12:45:59,615 [Worker-58: Building] INFO  o.a.m.s.f.DefaultMavenResourcesFiltering - skip non existing resourceDirectory C:\Users\hanuma.ramavath\OneDrive - TECHWAVE\Desktop\MyProject\ClientPVMS (1)\ClientPVMS\src\test\resources
2023-08-17 12:46:26,234 [Worker-59: Building] INFO  o.a.m.s.f.DefaultMavenResourcesFiltering - Copying 1 resource from src\main\resources to target\classes
2023-08-17 12:46:26,244 [Worker-59: Building] INFO  o.a.m.s.f.DefaultMavenResourcesFiltering - Copying 0 resource from src\main\resources to target\classes
2023-08-17 12:46:26,247 [Worker-59: Building] INFO  o.a.m.s.f.DefaultMavenResourcesFiltering - skip non existing resourceDirectory C:\Users\hanuma.ramavath\OneDrive - TECHWAVE\Desktop\MyProject\ClientPVMS (1)\ClientPVMS\src\test\resources
2023-08-17 12:47:23,585 [Worker-61: Building] INFO  o.a.m.s.f.DefaultMavenResourcesFiltering - Copying 1 resource from src\main\resources to target\classes
2023-08-17 12:47:23,594 [Worker-61: Building] INFO  o.a.m.s.f.DefaultMavenResourcesFiltering - Copying 0 resource from src\main\resources to target\classes
2023-08-17 12:47:23,597 [Worker-61: Building] INFO  o.a.m.s.f.DefaultMavenResourcesFiltering - skip non existing resourceDirectory C:\Users\hanuma.ramavath\OneDrive - TECHWAVE\Desktop\MyProject\ClientPVMS (1)\ClientPVMS\src\test\resources
2023-08-17 12:48:02,168 [Worker-57: Building] INFO  o.a.m.s.f.DefaultMavenResourcesFiltering - Copying 1 resource from src\main\resources to target\classes
2023-08-17 12:48:02,177 [Worker-57: Building] INFO  o.a.m.s.f.DefaultMavenResourcesFiltering - Copying 0 resource from src\main\resources to target\classes
2023-08-17 12:48:02,180 [Worker-57: Building] INFO  o.a.m.s.f.DefaultMavenResourcesFiltering - skip non existing resourceDirectory C:\Users\hanuma.ramavath\OneDrive - TECHWAVE\Desktop\MyProject\ClientPVMS (1)\ClientPVMS\src\test\resources
2023-08-17 12:48:10,652 [Worker-57: Building] INFO  o.a.m.s.f.DefaultMavenResourcesFiltering - Copying 1 resource from src\main\resources to target\classes
2023-08-17 12:48:10,660 [Worker-57: Building] INFO  o.a.m.s.f.DefaultMavenResourcesFiltering - Copying 0 resource from src\main\resources to target\classes
2023-08-17 12:48:10,663 [Worker-57: Building] INFO  o.a.m.s.f.DefaultMavenResourcesFiltering - skip non existing resourceDirectory C:\Users\hanuma.ramavath\OneDrive - TECHWAVE\Desktop\MyProject\ClientPVMS (1)\ClientPVMS\src\test\resources
2023-08-17 12:48:18,180 [Worker-58: Building] INFO  o.a.m.s.f.DefaultMavenResourcesFiltering - Copying 1 resource from src\main\resources to target\classes
2023-08-17 12:48:18,197 [Worker-58: Building] INFO  o.a.m.s.f.DefaultMavenResourcesFiltering - Copying 0 resource from src\main\resources to target\classes
2023-08-17 12:48:18,200 [Worker-58: Building] INFO  o.a.m.s.f.DefaultMavenResourcesFiltering - skip non existing resourceDirectory C:\Users\hanuma.ramavath\OneDrive - TECHWAVE\Desktop\MyProject\ClientPVMS (1)\ClientPVMS\src\test\resources
2023-08-17 12:48:30,755 [Worker-61: Building] INFO  o.a.m.s.f.DefaultMavenResourcesFiltering - Copying 1 resource from src\main\resources to target\classes
2023-08-17 12:48:30,765 [Worker-61: Building] INFO  o.a.m.s.f.DefaultMavenResourcesFiltering - Copying 0 resource from src\main\resources to target\classes
2023-08-17 12:48:30,770 [Worker-61: Building] INFO  o.a.m.s.f.DefaultMavenResourcesFiltering - skip non existing resourceDirectory C:\Users\hanuma.ramavath\OneDrive - TECHWAVE\Desktop\MyProject\ClientPVMS (1)\ClientPVMS\src\test\resources
2023-08-17 12:49:22,748 [Worker-59: Building] INFO  o.a.m.s.f.DefaultMavenResourcesFiltering - Copying 1 resource from src\main\resources to target\classes
2023-08-17 12:49:22,757 [Worker-59: Building] INFO  o.a.m.s.f.DefaultMavenResourcesFiltering - Copying 0 resource from src\main\resources to target\classes
2023-08-17 12:49:22,761 [Worker-59: Building] INFO  o.a.m.s.f.DefaultMavenResourcesFiltering - skip non existing resourceDirectory C:\Users\hanuma.ramavath\OneDrive - TECHWAVE\Desktop\MyProject\ClientPVMS (1)\ClientPVMS\src\test\resources
2023-08-17 12:49:38,355 [Worker-62: Building] INFO  o.a.m.s.f.DefaultMavenResourcesFiltering - Copying 1 resource from src\main\resources to target\classes
2023-08-17 12:49:38,363 [Worker-62: Building] INFO  o.a.m.s.f.DefaultMavenResourcesFiltering - Copying 0 resource from src\main\resources to target\classes
2023-08-17 12:49:38,366 [Worker-62: Building] INFO  o.a.m.s.f.DefaultMavenResourcesFiltering - skip non existing resourceDirectory C:\Users\hanuma.ramavath\OneDrive - TECHWAVE\Desktop\MyProject\ClientPVMS (1)\ClientPVMS\src\test\resources
2023-08-17 12:49:44,269 [Worker-58: Building] INFO  o.a.m.s.f.DefaultMavenResourcesFiltering - Copying 1 resource from src\main\resources to target\classes
2023-08-17 12:49:44,277 [Worker-58: Building] INFO  o.a.m.s.f.DefaultMavenResourcesFiltering - Copying 0 resource from src\main\resources to target\classes
2023-08-17 12:49:44,280 [Worker-58: Building] INFO  o.a.m.s.f.DefaultMavenResourcesFiltering - skip non existing resourceDirectory C:\Users\hanuma.ramavath\OneDrive - TECHWAVE\Desktop\MyProject\ClientPVMS (1)\ClientPVMS\src\test\resources
2023-08-17 12:49:54,446 [Worker-61: Building] INFO  o.a.m.s.f.DefaultMavenResourcesFiltering - Copying 1 resource from src\main\resources to target\classes
2023-08-17 12:49:54,453 [Worker-61: Building] INFO  o.a.m.s.f.DefaultMavenResourcesFiltering - Copying 0 resource from src\main\resources to target\classes
2023-08-17 12:49:54,456 [Worker-61: Building] INFO  o.a.m.s.f.DefaultMavenResourcesFiltering - skip non existing resourceDirectory C:\Users\hanuma.ramavath\OneDrive - TECHWAVE\Desktop\MyProject\ClientPVMS (1)\ClientPVMS\src\test\resources
2023-08-17 12:50:16,414 [Worker-59: Building] INFO  o.a.m.s.f.DefaultMavenResourcesFiltering - Copying 0 resource from src\main\resources to target\classes
2023-08-17 12:50:16,415 [Worker-59: Building] INFO  o.a.m.s.f.DefaultMavenResourcesFiltering - Copying 0 resource from src\main\resources to target\classes
2023-08-17 12:50:16,419 [Worker-59: Building] INFO  o.a.m.s.f.DefaultMavenResourcesFiltering - skip non existing resourceDirectory C:\Users\hanuma.ramavath\OneDrive - TECHWAVE\Desktop\MyProject\ClientPVMS (1)\ClientPVMS\src\test\resources
2023-08-17 12:50:49,299 [Worker-57: Building] INFO  o.a.m.s.f.DefaultMavenResourcesFiltering - Copying 0 resource from src\main\resources to target\classes
2023-08-17 12:50:49,300 [Worker-57: Building] INFO  o.a.m.s.f.DefaultMavenResourcesFiltering - Copying 0 resource from src\main\resources to target\classes
2023-08-17 12:50:49,302 [Worker-57: Building] INFO  o.a.m.s.f.DefaultMavenResourcesFiltering - skip non existing resourceDirectory C:\Users\hanuma.ramavath\OneDrive - TECHWAVE\Desktop\MyProject\ClientPVMS (1)\ClientPVMS\src\test\resources
2023-08-17 12:51:01,837 [Worker-60: Building] INFO  o.a.m.s.f.DefaultMavenResourcesFiltering - Copying 0 resource from src\main\resources to target\classes
2023-08-17 12:51:01,838 [Worker-60: Building] INFO  o.a.m.s.f.DefaultMavenResourcesFiltering - Copying 0 resource from src\main\resources to target\classes
2023-08-17 12:51:01,841 [Worker-60: Building] INFO  o.a.m.s.f.DefaultMavenResourcesFiltering - skip non existing resourceDirectory C:\Users\hanuma.ramavath\OneDrive - TECHWAVE\Desktop\MyProject\ClientPVMS (1)\ClientPVMS\src\test\resources
2023-08-17 12:51:16,992 [Worker-61: Building] INFO  o.a.m.s.f.DefaultMavenResourcesFiltering - Copying 1 resource from src\main\resources to target\classes
2023-08-17 12:51:17,000 [Worker-61: Building] INFO  o.a.m.s.f.DefaultMavenResourcesFiltering - Copying 0 resource from src\main\resources to target\classes
2023-08-17 12:51:17,004 [Worker-61: Building] INFO  o.a.m.s.f.DefaultMavenResourcesFiltering - skip non existing resourceDirectory C:\Users\hanuma.ramavath\OneDrive - TECHWAVE\Desktop\MyProject\ClientPVMS (1)\ClientPVMS\src\test\resources
2023-08-17 12:51:53,248 [Worker-61: Building] INFO  o.a.m.s.f.DefaultMavenResourcesFiltering - Copying 1 resource from src\main\resources to target\classes
2023-08-17 12:51:53,257 [Worker-61: Building] INFO  o.a.m.s.f.DefaultMavenResourcesFiltering - Copying 0 resource from src\main\resources to target\classes
2023-08-17 12:51:53,261 [Worker-61: Building] INFO  o.a.m.s.f.DefaultMavenResourcesFiltering - skip non existing resourceDirectory C:\Users\hanuma.ramavath\OneDrive - TECHWAVE\Desktop\MyProject\ClientPVMS (1)\ClientPVMS\src\test\resources
2023-08-17 12:52:33,520 [Worker-59: Building] INFO  o.a.m.s.f.DefaultMavenResourcesFiltering - Copying 1 resource from src\main\resources to target\classes
2023-08-17 12:52:33,530 [Worker-59: Building] INFO  o.a.m.s.f.DefaultMavenResourcesFiltering - Copying 0 resource from src\main\resources to target\classes
2023-08-17 12:52:33,533 [Worker-59: Building] INFO  o.a.m.s.f.DefaultMavenResourcesFiltering - skip non existing resourceDirectory C:\Users\hanuma.ramavath\OneDrive - TECHWAVE\Desktop\MyProject\ClientPVMS (1)\ClientPVMS\src\test\resources
2023-08-17 12:52:40,096 [Worker-62: Building] INFO  o.a.m.s.f.DefaultMavenResourcesFiltering - Copying 1 resource from src\main\resources to target\classes
2023-08-17 12:52:40,107 [Worker-62: Building] INFO  o.a.m.s.f.DefaultMavenResourcesFiltering - Copying 0 resource from src\main\resources to target\classes
2023-08-17 12:52:40,110 [Worker-62: Building] INFO  o.a.m.s.f.DefaultMavenResourcesFiltering - skip non existing resourceDirectory C:\Users\hanuma.ramavath\OneDrive - TECHWAVE\Desktop\MyProject\ClientPVMS (1)\ClientPVMS\src\test\resources
2023-08-17 12:54:15,593 [Worker-57: Building] INFO  o.a.m.s.f.DefaultMavenResourcesFiltering - Copying 1 resource from src\main\resources to target\classes
2023-08-17 12:54:15,604 [Worker-57: Building] INFO  o.a.m.s.f.DefaultMavenResourcesFiltering - Copying 0 resource from src\main\resources to target\classes
2023-08-17 12:54:15,607 [Worker-57: Building] INFO  o.a.m.s.f.DefaultMavenResourcesFiltering - skip non existing resourceDirectory C:\Users\hanuma.ramavath\OneDrive - TECHWAVE\Desktop\MyProject\ClientPVMS (1)\ClientPVMS\src\test\resources
2023-08-17 12:54:21,167 [Worker-60: Building] INFO  o.a.m.s.f.DefaultMavenResourcesFiltering - Copying 0 resource from src\main\resources to target\classes
2023-08-17 12:54:21,168 [Worker-60: Building] INFO  o.a.m.s.f.DefaultMavenResourcesFiltering - Copying 0 resource from src\main\resources to target\classes
2023-08-17 12:54:21,170 [Worker-60: Building] INFO  o.a.m.s.f.DefaultMavenResourcesFiltering - skip non existing resourceDirectory C:\Users\hanuma.ramavath\OneDrive - TECHWAVE\Desktop\MyProject\ClientPVMS (1)\ClientPVMS\src\test\resources
2023-08-17 12:54:47,681 [Worker-57: Building] INFO  o.a.m.s.f.DefaultMavenResourcesFiltering - Copying 0 resource from src\main\resources to target\classes
2023-08-17 12:54:47,682 [Worker-57: Building] INFO  o.a.m.s.f.DefaultMavenResourcesFiltering - Copying 0 resource from src\main\resources to target\classes
2023-08-17 12:54:47,685 [Worker-57: Building] INFO  o.a.m.s.f.DefaultMavenResourcesFiltering - skip non existing resourceDirectory C:\Users\hanuma.ramavath\OneDrive - TECHWAVE\Desktop\MyProject\ClientPVMS (1)\ClientPVMS\src\test\resources
2023-08-17 12:54:53,850 [Worker-62: Building] INFO  o.a.m.s.f.DefaultMavenResourcesFiltering - Copying 0 resource from src\main\resources to target\classes
2023-08-17 12:54:53,851 [Worker-62: Building] INFO  o.a.m.s.f.DefaultMavenResourcesFiltering - Copying 0 resource from src\main\resources to target\classes
2023-08-17 12:54:53,854 [Worker-62: Building] INFO  o.a.m.s.f.DefaultMavenResourcesFiltering - skip non existing resourceDirectory C:\Users\hanuma.ramavath\OneDrive - TECHWAVE\Desktop\MyProject\ClientPVMS (1)\ClientPVMS\src\test\resources
2023-08-17 12:55:06,469 [Worker-58: Building] INFO  o.a.m.s.f.DefaultMavenResourcesFiltering - Copying 1 resource from src\main\resources to target\classes
2023-08-17 12:55:06,478 [Worker-58: Building] INFO  o.a.m.s.f.DefaultMavenResourcesFiltering - Copying 0 resource from src\main\resources to target\classes
2023-08-17 12:55:06,481 [Worker-58: Building] INFO  o.a.m.s.f.DefaultMavenResourcesFiltering - skip non existing resourceDirectory C:\Users\hanuma.ramavath\OneDrive - TECHWAVE\Desktop\MyProject\ClientPVMS (1)\ClientPVMS\src\test\resources
2023-08-17 12:55:24,799 [Worker-58: Building] INFO  o.a.m.s.f.DefaultMavenResourcesFiltering - Copying 0 resource from src\main\resources to target\classes
2023-08-17 12:55:24,799 [Worker-58: Building] INFO  o.a.m.s.f.DefaultMavenResourcesFiltering - Copying 0 resource from src\main\resources to target\classes
2023-08-17 12:55:24,802 [Worker-58: Building] INFO  o.a.m.s.f.DefaultMavenResourcesFiltering - skip non existing resourceDirectory C:\Users\hanuma.ramavath\OneDrive - TECHWAVE\Desktop\MyProject\ClientPVMS (1)\ClientPVMS\src\test\resources
2023-08-17 12:58:22,621 [Worker-60: Building] INFO  o.a.m.s.f.DefaultMavenResourcesFiltering - Copying 1 resource from src\main\resources to target\classes
2023-08-17 12:58:22,631 [Worker-60: Building] INFO  o.a.m.s.f.DefaultMavenResourcesFiltering - Copying 0 resource from src\main\resources to target\classes
2023-08-17 12:58:22,633 [Worker-60: Building] INFO  o.a.m.s.f.DefaultMavenResourcesFiltering - skip non existing resourceDirectory C:\Users\hanuma.ramavath\OneDrive - TECHWAVE\Desktop\MyProject\ClientPVMS (1)\ClientPVMS\src\test\resources
2023-08-17 12:58:27,879 [Worker-60: Building] INFO  o.a.m.s.f.DefaultMavenResourcesFiltering - Copying 1 resource from src\main\resources to target\classes
2023-08-17 12:58:27,889 [Worker-60: Building] INFO  o.a.m.s.f.DefaultMavenResourcesFiltering - Copying 0 resource from src\main\resources to target\classes
2023-08-17 12:58:27,892 [Worker-60: Building] INFO  o.a.m.s.f.DefaultMavenResourcesFiltering - skip non existing resourceDirectory C:\Users\hanuma.ramavath\OneDrive - TECHWAVE\Desktop\MyProject\ClientPVMS (1)\ClientPVMS\src\test\resources
2023-08-17 12:58:55,033 [Worker-62: Building] INFO  o.a.m.s.f.DefaultMavenResourcesFiltering - Copying 1 resource from src\main\resources to target\classes
2023-08-17 12:58:55,044 [Worker-62: Building] INFO  o.a.m.s.f.DefaultMavenResourcesFiltering - Copying 0 resource from src\main\resources to target\classes
2023-08-17 12:58:55,047 [Worker-62: Building] INFO  o.a.m.s.f.DefaultMavenResourcesFiltering - skip non existing resourceDirectory C:\Users\hanuma.ramavath\OneDrive - TECHWAVE\Desktop\MyProject\ClientPVMS (1)\ClientPVMS\src\test\resources
2023-08-17 12:59:07,639 [Worker-62: Building] INFO  o.a.m.s.f.DefaultMavenResourcesFiltering - Copying 1 resource from src\main\resources to target\classes
2023-08-17 12:59:07,647 [Worker-62: Building] INFO  o.a.m.s.f.DefaultMavenResourcesFiltering - Copying 0 resource from src\main\resources to target\classes
2023-08-17 12:59:07,650 [Worker-62: Building] INFO  o.a.m.s.f.DefaultMavenResourcesFiltering - skip non existing resourceDirectory C:\Users\hanuma.ramavath\OneDrive - TECHWAVE\Desktop\MyProject\ClientPVMS (1)\ClientPVMS\src\test\resources
2023-08-17 12:59:11,942 [Worker-62: Building] INFO  o.a.m.s.f.DefaultMavenResourcesFiltering - Copying 1 resource from src\main\resources to target\classes
2023-08-17 12:59:11,952 [Worker-62: Building] INFO  o.a.m.s.f.DefaultMavenResourcesFiltering - Copying 0 resource from src\main\resources to target\classes
2023-08-17 12:59:11,956 [Worker-62: Building] INFO  o.a.m.s.f.DefaultMavenResourcesFiltering - skip non existing resourceDirectory C:\Users\hanuma.ramavath\OneDrive - TECHWAVE\Desktop\MyProject\ClientPVMS (1)\ClientPVMS\src\test\resources
2023-08-17 13:00:58,296 [Worker-57: Building] INFO  o.a.m.s.f.DefaultMavenResourcesFiltering - Copying 1 resource from src\main\resources to target\classes
2023-08-17 13:00:58,308 [Worker-57: Building] INFO  o.a.m.s.f.DefaultMavenResourcesFiltering - Copying 0 resource from src\main\resources to target\classes
2023-08-17 13:00:58,312 [Worker-57: Building] INFO  o.a.m.s.f.DefaultMavenResourcesFiltering - skip non existing resourceDirectory C:\Users\hanuma.ramavath\OneDrive - TECHWAVE\Desktop\MyProject\ClientPVMS (1)\ClientPVMS\src\test\resources
2023-08-17 13:01:01,056 [Worker-57: Building] INFO  o.a.m.s.f.DefaultMavenResourcesFiltering - Copying 1 resource from src\main\resources to target\classes
2023-08-17 13:01:01,063 [Worker-57: Building] INFO  o.a.m.s.f.DefaultMavenResourcesFiltering - Copying 0 resource from src\main\resources to target\classes
2023-08-17 13:01:01,066 [Worker-57: Building] INFO  o.a.m.s.f.DefaultMavenResourcesFiltering - skip non existing resourceDirectory C:\Users\hanuma.ramavath\OneDrive - TECHWAVE\Desktop\MyProject\ClientPVMS (1)\ClientPVMS\src\test\resources
2023-08-17 14:40:35,195 [Worker-77: Building] INFO  o.a.m.s.f.DefaultMavenResourcesFiltering - Copying 1 resource from src\main\resources to target\classes
2023-08-17 14:40:35,223 [Worker-77: Building] INFO  o.a.m.s.f.DefaultMavenResourcesFiltering - Copying 0 resource from src\main\resources to target\classes
2023-08-17 14:40:35,226 [Worker-77: Building] INFO  o.a.m.s.f.DefaultMavenResourcesFiltering - skip non existing resourceDirectory C:\Users\hanuma.ramavath\OneDrive - TECHWAVE\Desktop\MyProject\ClientPVMS (1)\ClientPVMS\src\test\resources
2023-08-17 14:43:13,670 [Worker-76: Building] INFO  o.a.m.s.f.DefaultMavenResourcesFiltering - Copying 0 resource from src\main\resources to target\classes
2023-08-17 14:43:13,670 [Worker-76: Building] INFO  o.a.m.s.f.DefaultMavenResourcesFiltering - Copying 0 resource from src\main\resources to target\classes
2023-08-17 14:43:13,673 [Worker-76: Building] INFO  o.a.m.s.f.DefaultMavenResourcesFiltering - skip non existing resourceDirectory C:\Users\hanuma.ramavath\OneDrive - TECHWAVE\Desktop\MyProject\ClientPVMS (1)\ClientPVMS\src\test\resources
2023-08-17 14:44:08,349 [Worker-79: Building] INFO  o.a.m.s.f.DefaultMavenResourcesFiltering - Copying 0 resource from src\main\resources to target\classes
2023-08-17 14:44:08,351 [Worker-79: Building] INFO  o.a.m.s.f.DefaultMavenResourcesFiltering - Copying 0 resource from src\main\resources to target\classes
2023-08-17 14:44:08,357 [Worker-79: Building] INFO  o.a.m.s.f.DefaultMavenResourcesFiltering - skip non existing resourceDirectory C:\Users\hanuma.ramavath\OneDrive - TECHWAVE\Desktop\MyProject\ClientPVMS (1)\ClientPVMS\src\test\resources
2023-08-17 14:48:38,456 [Worker-82: Building] INFO  o.a.m.s.f.DefaultMavenResourcesFiltering - Copying 1 resource from src\main\resources to target\classes
2023-08-17 14:48:38,465 [Worker-82: Building] INFO  o.a.m.s.f.DefaultMavenResourcesFiltering - Copying 0 resource from src\main\resources to target\classes
2023-08-17 14:48:38,468 [Worker-82: Building] INFO  o.a.m.s.f.DefaultMavenResourcesFiltering - skip non existing resourceDirectory C:\Users\hanuma.ramavath\OneDrive - TECHWAVE\Desktop\MyProject\ClientPVMS (1)\ClientPVMS\src\test\resources
2023-08-17 14:48:40,192 [Worker-76: Building] INFO  o.a.m.s.f.DefaultMavenResourcesFiltering - Copying 1 resource from src\main\resources to target\classes
2023-08-17 14:48:40,323 [Worker-76: Building] INFO  o.a.m.s.f.DefaultMavenResourcesFiltering - Copying 0 resource from src\main\resources to target\classes
2023-08-17 14:48:40,326 [Worker-76: Building] INFO  o.a.m.s.f.DefaultMavenResourcesFiltering - skip non existing resourceDirectory C:\Users\hanuma.ramavath\OneDrive - TECHWAVE\Desktop\MyProject\ClientPVMS (1)\ClientPVMS\src\test\resources
2023-08-17 14:49:02,090 [Worker-75: Building] INFO  o.a.m.s.f.DefaultMavenResourcesFiltering - Copying 1 resource from src\main\resources to target\classes
2023-08-17 14:49:02,106 [Worker-75: Building] INFO  o.a.m.s.f.DefaultMavenResourcesFiltering - Copying 0 resource from src\main\resources to target\classes
2023-08-17 14:49:02,109 [Worker-75: Building] INFO  o.a.m.s.f.DefaultMavenResourcesFiltering - skip non existing resourceDirectory C:\Users\hanuma.ramavath\OneDrive - TECHWAVE\Desktop\MyProject\ClientPVMS (1)\ClientPVMS\src\test\resources
2023-08-17 14:53:18,441 [Worker-83: Building] INFO  o.a.m.s.f.DefaultMavenResourcesFiltering - Copying 1 resource from src\main\resources to target\classes
2023-08-17 14:53:18,453 [Worker-83: Building] INFO  o.a.m.s.f.DefaultMavenResourcesFiltering - Copying 0 resource from src\main\resources to target\classes
2023-08-17 14:53:18,457 [Worker-83: Building] INFO  o.a.m.s.f.DefaultMavenResourcesFiltering - skip non existing resourceDirectory C:\Users\hanuma.ramavath\OneDrive - TECHWAVE\Desktop\MyProject\ClientPVMS (1)\ClientPVMS\src\test\resources
2023-08-17 14:55:43,981 [Worker-83: Building] INFO  o.a.m.s.f.DefaultMavenResourcesFiltering - Copying 0 resource from src\main\resources to target\classes
2023-08-17 14:55:43,982 [Worker-83: Building] INFO  o.a.m.s.f.DefaultMavenResourcesFiltering - Copying 0 resource from src\main\resources to target\classes
2023-08-17 14:55:43,986 [Worker-83: Building] INFO  o.a.m.s.f.DefaultMavenResourcesFiltering - skip non existing resourceDirectory C:\Users\hanuma.ramavath\OneDrive - TECHWAVE\Desktop\MyProject\ClientPVMS (1)\ClientPVMS\src\test\resources
2023-08-17 14:57:10,048 [Worker-88: Building] INFO  o.a.m.s.f.DefaultMavenResourcesFiltering - Copying 1 resource from src\main\resources to target\classes
2023-08-17 14:57:10,058 [Worker-88: Building] INFO  o.a.m.s.f.DefaultMavenResourcesFiltering - Copying 0 resource from src\main\resources to target\classes
2023-08-17 14:57:10,061 [Worker-88: Building] INFO  o.a.m.s.f.DefaultMavenResourcesFiltering - skip non existing resourceDirectory C:\Users\hanuma.ramavath\OneDrive - TECHWAVE\Desktop\MyProject\ClientPVMS (1)\ClientPVMS\src\test\resources
2023-08-17 14:57:54,610 [Worker-75: Building] INFO  o.a.m.s.f.DefaultMavenResourcesFiltering - Copying 1 resource from src\main\resources to target\classes
2023-08-17 14:57:54,620 [Worker-75: Building] INFO  o.a.m.s.f.DefaultMavenResourcesFiltering - Copying 0 resource from src\main\resources to target\classes
2023-08-17 14:57:54,624 [Worker-75: Building] INFO  o.a.m.s.f.DefaultMavenResourcesFiltering - skip non existing resourceDirectory C:\Users\hanuma.ramavath\OneDrive - TECHWAVE\Desktop\MyProject\ClientPVMS (1)\ClientPVMS\src\test\resources
2023-08-17 15:00:53,180 [Worker-86: Building] INFO  o.a.m.s.f.DefaultMavenResourcesFiltering - Copying 1 resource from src\main\resources to target\classes
2023-08-17 15:00:53,189 [Worker-86: Building] INFO  o.a.m.s.f.DefaultMavenResourcesFiltering - Copying 0 resource from src\main\resources to target\classes
2023-08-17 15:00:53,192 [Worker-86: Building] INFO  o.a.m.s.f.DefaultMavenResourcesFiltering - skip non existing resourceDirectory C:\Users\hanuma.ramavath\OneDrive - TECHWAVE\Desktop\MyProject\ClientPVMS (1)\ClientPVMS\src\test\resources
2023-08-17 15:30:24,891 [Worker-93: Building] INFO  o.a.m.s.f.DefaultMavenResourcesFiltering - Copying 1 resource from src\main\resources to target\classes
2023-08-17 15:30:24,915 [Worker-93: Building] INFO  o.a.m.s.f.DefaultMavenResourcesFiltering - Copying 0 resource from src\main\resources to target\classes
2023-08-17 15:30:24,918 [Worker-93: Building] INFO  o.a.m.s.f.DefaultMavenResourcesFiltering - skip non existing resourceDirectory C:\Users\hanuma.ramavath\OneDrive - TECHWAVE\Desktop\MyProject\ClientPVMS (1)\ClientPVMS\src\test\resources
2023-08-17 15:31:23,870 [Worker-94: Building] INFO  o.a.m.s.f.DefaultMavenResourcesFiltering - Copying 1 resource from src\main\resources to target\classes
2023-08-17 15:31:23,879 [Worker-94: Building] INFO  o.a.m.s.f.DefaultMavenResourcesFiltering - Copying 0 resource from src\main\resources to target\classes
2023-08-17 15:31:23,883 [Worker-94: Building] INFO  o.a.m.s.f.DefaultMavenResourcesFiltering - skip non existing resourceDirectory C:\Users\hanuma.ramavath\OneDrive - TECHWAVE\Desktop\MyProject\ClientPVMS (1)\ClientPVMS\src\test\resources
2023-08-17 15:31:55,034 [Worker-94: Building] INFO  o.a.m.s.f.DefaultMavenResourcesFiltering - Copying 1 resource from src\main\resources to target\classes
2023-08-17 15:31:55,055 [Worker-94: Building] INFO  o.a.m.s.f.DefaultMavenResourcesFiltering - Copying 0 resource from src\main\resources to target\classes
2023-08-17 15:31:55,059 [Worker-94: Building] INFO  o.a.m.s.f.DefaultMavenResourcesFiltering - skip non existing resourceDirectory C:\Users\hanuma.ramavath\OneDrive - TECHWAVE\Desktop\MyProject\ClientPVMS (1)\ClientPVMS\src\test\resources
2023-08-17 15:32:25,788 [Worker-94: Building] INFO  o.a.m.s.f.DefaultMavenResourcesFiltering - Copying 0 resource from src\main\resources to target\classes
2023-08-17 15:32:25,789 [Worker-94: Building] INFO  o.a.m.s.f.DefaultMavenResourcesFiltering - Copying 0 resource from src\main\resources to target\classes
2023-08-17 15:32:25,795 [Worker-94: Building] INFO  o.a.m.s.f.DefaultMavenResourcesFiltering - skip non existing resourceDirectory C:\Users\hanuma.ramavath\OneDrive - TECHWAVE\Desktop\MyProject\ClientPVMS (1)\ClientPVMS\src\test\resources
2023-08-17 16:09:05,056 [Worker-100: Building] INFO  o.a.m.s.f.DefaultMavenResourcesFiltering - Copying 1 resource from src\main\resources to target\classes
2023-08-17 16:09:05,119 [Worker-100: Building] INFO  o.a.m.s.f.DefaultMavenResourcesFiltering - Copying 0 resource from src\main\resources to target\classes
2023-08-17 16:09:05,122 [Worker-100: Building] INFO  o.a.m.s.f.DefaultMavenResourcesFiltering - skip non existing resourceDirectory C:\Users\hanuma.ramavath\OneDrive - TECHWAVE\Desktop\MyProject\ProjectPVMS (4)\ProjectPVMS\src\test\resources
2023-08-17 16:17:11,299 [Worker-106: Building] INFO  o.a.m.s.f.DefaultMavenResourcesFiltering - Copying 1 resource from src\main\resources to target\classes
2023-08-17 16:17:11,308 [Worker-106: Building] INFO  o.a.m.s.f.DefaultMavenResourcesFiltering - Copying 0 resource from src\main\resources to target\classes
2023-08-17 16:17:11,311 [Worker-106: Building] INFO  o.a.m.s.f.DefaultMavenResourcesFiltering - skip non existing resourceDirectory C:\Users\hanuma.ramavath\OneDrive - TECHWAVE\Desktop\MyProject\ClientPVMS (1)\ClientPVMS\src\test\resources
2023-08-17 16:17:42,066 [Worker-99: Building] INFO  o.a.m.s.f.DefaultMavenResourcesFiltering - Copying 0 resource from src\main\resources to target\classes
2023-08-17 16:17:42,066 [Worker-99: Building] INFO  o.a.m.s.f.DefaultMavenResourcesFiltering - Copying 0 resource from src\main\resources to target\classes
2023-08-17 16:17:42,070 [Worker-99: Building] INFO  o.a.m.s.f.DefaultMavenResourcesFiltering - skip non existing resourceDirectory C:\Users\hanuma.ramavath\OneDrive - TECHWAVE\Desktop\MyProject\ClientPVMS (1)\ClientPVMS\src\test\resources
2023-08-17 16:18:36,245 [Worker-106: Building] INFO  o.a.m.s.f.DefaultMavenResourcesFiltering - Copying 1 resource from src\main\resources to target\classes
2023-08-17 16:18:36,260 [Worker-106: Building] INFO  o.a.m.s.f.DefaultMavenResourcesFiltering - Copying 0 resource from src\main\resources to target\classes
2023-08-17 16:18:36,264 [Worker-106: Building] INFO  o.a.m.s.f.DefaultMavenResourcesFiltering - skip non existing resourceDirectory C:\Users\hanuma.ramavath\OneDrive - TECHWAVE\Desktop\MyProject\ClientPVMS (1)\ClientPVMS\src\test\resources
2023-08-17 16:39:27,768 [Worker-110: Building] INFO  o.a.m.s.f.DefaultMavenResourcesFiltering - Copying 0 resource from src\main\resources to target\classes
2023-08-17 16:39:27,768 [Worker-110: Building] INFO  o.a.m.s.f.DefaultMavenResourcesFiltering - Copying 0 resource from src\main\resources to target\classes
2023-08-17 16:39:27,771 [Worker-110: Building] INFO  o.a.m.s.f.DefaultMavenResourcesFiltering - skip non existing resourceDirectory C:\Users\hanuma.ramavath\OneDrive - TECHWAVE\Desktop\MyProject\ClientPVMS (1)\ClientPVMS\src\test\resources
2023-08-17 17:27:37,320 [Worker-113: Building] INFO  o.a.m.s.f.DefaultMavenResourcesFiltering - Copying 0 resource from src\main\resources to target\classes
2023-08-17 17:27:37,321 [Worker-113: Building] INFO  o.a.m.s.f.DefaultMavenResourcesFiltering - Copying 0 resource from src\main\resources to target\classes
2023-08-17 17:27:37,324 [Worker-113: Building] INFO  o.a.m.s.f.DefaultMavenResourcesFiltering - skip non existing resourceDirectory C:\Users\hanuma.ramavath\OneDrive - TECHWAVE\Desktop\MyProject\ClientPVMS (1)\ClientPVMS\src\test\resources
2023-08-17 18:28:52,774 [Worker-116: Building] INFO  o.a.m.s.f.DefaultMavenResourcesFiltering - Copying 1 resource from src\main\resources to target\classes
2023-08-17 18:28:52,877 [Worker-116: Building] INFO  o.a.m.s.f.DefaultMavenResourcesFiltering - Copying 0 resource from src\main\resources to target\classes
2023-08-17 18:28:52,881 [Worker-116: Building] INFO  o.a.m.s.f.DefaultMavenResourcesFiltering - skip non existing resourceDirectory C:\Users\hanuma.ramavath\OneDrive - TECHWAVE\Desktop\MyProject\ClientPVMS (1)\ClientPVMS\src\test\resources
